P5 Printout for CS 3410
----------------------------------
Trace  		trace.1t.long.txt
Instruction Limit 	none
 *** Cache Configuration *** 
capacity   		65536 B
block_size 		  512 B
associativity 		4-way
n_set 			32
n_cache_line 	128
tag: 18, index: 5, offset: 9
Coherence Protocol: 	msi
lru_on_invalidate_f: 	false
Processing trace...
1 2
Processed 100457 lines.
    *** Results for Core 0 ***
0.n_cpu_accesses 	100457
0.n_loads 		78301
0.n_stores 		22156
0.n_hits 		93336
0.n_misses 		7121
0.hit_rate 		92.91
0.miss_rate 		7.09
0.n_upgrade_miss 	3204
0.n_bus_snoops 	0
0.n_snoop_hits 	0
0.n_writebacks 	215
Memory Traffic:
0.B_written_bus_to_cache 	2005504
0.B_written_cache_to_bus_wb 	110080
0.B_written_cache_to_bus_wt 	88624
0.B_total_traffic_wb 	2115584
0.B_total_traffic_wt 	2094128
