P5 Printout for CS 3410
----------------------------------
Trace  		trace.1t.long.txt
Instruction Limit 	none
 *** Cache Configuration *** 
capacity   		65536 B
block_size 		   64 B
associativity 		4-way
n_set 			256
n_cache_line 	1024
tag: 18, index: 8, offset: 6
Coherence Protocol: 	msi
lru_on_invalidate_f: 	false
Processing trace...
1 2
Processed 100457 lines.
    *** Results for Core 0 ***
0.n_cpu_accesses 	100457
0.n_loads 		78301
0.n_stores 		22156
0.n_hits 		91923
0.n_misses 		8534
0.hit_rate 		91.50
0.miss_rate 		8.50
0.n_upgrade_miss 	3371
0.n_bus_snoops 	0
0.n_snoop_hits 	0
0.n_writebacks 	157
Memory Traffic:
0.B_written_bus_to_cache 	330432
0.B_written_cache_to_bus_wb 	10048
0.B_written_cache_to_bus_wt 	88624
0.B_total_traffic_wb 	340480
0.B_total_traffic_wt 	419056
