P5 Printout for CS 3410
----------------------------------
Trace  		trace.2t.long.txt
Instruction Limit 	none
 *** Cache Configuration *** 
capacity   		65536 B
block_size 		   32 B
associativity 		4-way
n_set 			512
n_cache_line 	2048
tag: 18, index: 9, offset: 5
Coherence Protocol: 	msi
lru_on_invalidate_f: 	false
Processing trace...
2 2
Processed 200429 lines.
    *** Results for Core 0 ***
0.n_cpu_accesses 	100457
0.n_loads 		78301
0.n_stores 		22156
0.n_hits 		90459
0.n_misses 		9998
0.hit_rate 		90.05
0.miss_rate 		9.95
0.n_upgrade_miss 	3308
0.n_bus_snoops 	9675
0.n_snoop_hits 	130
0.n_writebacks 	508
Memory Traffic:
0.B_written_bus_to_cache 	214080
0.B_written_cache_to_bus_wb 	16256
0.B_written_cache_to_bus_wt 	88624
0.B_total_traffic_wb 	230336
0.B_total_traffic_wt 	302704
    *** Results for Core 1 ***
1.n_cpu_accesses 	99972
1.n_loads 		78017
1.n_stores 		21955
1.n_hits 		90297
1.n_misses 		9675
1.hit_rate 		90.32
1.miss_rate 		9.68
1.n_upgrade_miss 	3245
1.n_bus_snoops 	9998
1.n_snoop_hits 	982
1.n_writebacks 	530
Memory Traffic:
1.B_written_bus_to_cache 	205760
1.B_written_cache_to_bus_wb 	16960
1.B_written_cache_to_bus_wt 	87820
1.B_total_traffic_wb 	222720
1.B_total_traffic_wt 	293580
