P5 Printout for CS 3410
----------------------------------
Trace  		trace.2t.long.txt
Instruction Limit 	none
 *** Cache Configuration *** 
capacity   		65536 B
block_size 		  128 B
associativity 		4-way
n_set 			128
n_cache_line 	512
tag: 18, index: 7, offset: 7
Coherence Protocol: 	msi
lru_on_invalidate_f: 	false
Processing trace...
2 2
Processed 200429 lines.
    *** Results for Core 0 ***
0.n_cpu_accesses 	100457
0.n_loads 		78301
0.n_stores 		22156
0.n_hits 		92836
0.n_misses 		7621
0.hit_rate 		92.41
0.miss_rate 		7.59
0.n_upgrade_miss 	3229
0.n_bus_snoops 	7282
0.n_snoop_hits 	290
0.n_writebacks 	131
Memory Traffic:
0.B_written_bus_to_cache 	562176
0.B_written_cache_to_bus_wb 	16768
0.B_written_cache_to_bus_wt 	88624
0.B_total_traffic_wb 	578944
0.B_total_traffic_wt 	650800
    *** Results for Core 1 ***
1.n_cpu_accesses 	99972
1.n_loads 		78017
1.n_stores 		21955
1.n_hits 		92690
1.n_misses 		7282
1.hit_rate 		92.72
1.miss_rate 		7.28
1.n_upgrade_miss 	3200
1.n_bus_snoops 	7621
1.n_snoop_hits 	362
1.n_writebacks 	98
Memory Traffic:
1.B_written_bus_to_cache 	522496
1.B_written_cache_to_bus_wb 	12544
1.B_written_cache_to_bus_wt 	87820
1.B_total_traffic_wb 	535040
1.B_total_traffic_wt 	610316
