P5 Printout for CS 3410
----------------------------------
Trace  		trace.2t.long.txt
Instruction Limit 	none
 *** Cache Configuration *** 
capacity   		65536 B
block_size 		 2048 B
associativity 		4-way
n_set 			8
n_cache_line 	32
tag: 18, index: 3, offset: 11
Coherence Protocol: 	msi
lru_on_invalidate_f: 	false
Processing trace...
2 2
Processed 200429 lines.
    *** Results for Core 0 ***
0.n_cpu_accesses 	100457
0.n_loads 		78301
0.n_stores 		22156
0.n_hits 		90210
0.n_misses 		10247
0.hit_rate 		89.80
0.miss_rate 		10.20
0.n_upgrade_miss 	161
0.n_bus_snoops 	10157
0.n_snoop_hits 	2763
0.n_writebacks 	0
Memory Traffic:
0.B_written_bus_to_cache 	20656128
0.B_written_cache_to_bus_wb 	0
0.B_written_cache_to_bus_wt 	88624
0.B_total_traffic_wb 	20656128
0.B_total_traffic_wt 	20744752
    *** Results for Core 1 ***
1.n_cpu_accesses 	99972
1.n_loads 		78017
1.n_stores 		21955
1.n_hits 		89815
1.n_misses 		10157
1.hit_rate 		89.84
1.miss_rate 		10.16
1.n_upgrade_miss 	372
1.n_bus_snoops 	10247
1.n_snoop_hits 	3075
1.n_writebacks 	0
Memory Traffic:
1.B_written_bus_to_cache 	20039680
1.B_written_cache_to_bus_wb 	0
1.B_written_cache_to_bus_wt 	87820
1.B_total_traffic_wb 	20039680
1.B_total_traffic_wt 	20127500
