P5 Printout for CS 3410
----------------------------------
Trace  		trace.2t.long.txt
Instruction Limit 	none
 *** Cache Configuration *** 
capacity   		65536 B
block_size 		 1024 B
associativity 		4-way
n_set 			16
n_cache_line 	64
tag: 18, index: 4, offset: 10
Coherence Protocol: 	msi
lru_on_invalidate_f: 	false
Processing trace...
2 2
Processed 200429 lines.
    *** Results for Core 0 ***
0.n_cpu_accesses 	100457
0.n_loads 		78301
0.n_stores 		22156
0.n_hits 		94616
0.n_misses 		5841
0.hit_rate 		94.19
0.miss_rate 		5.81
0.n_upgrade_miss 	99
0.n_bus_snoops 	5169
0.n_snoop_hits 	1243
0.n_writebacks 	0
Memory Traffic:
0.B_written_bus_to_cache 	5879808
0.B_written_cache_to_bus_wb 	0
0.B_written_cache_to_bus_wt 	88624
0.B_total_traffic_wb 	5879808
0.B_total_traffic_wt 	5968432
    *** Results for Core 1 ***
1.n_cpu_accesses 	99972
1.n_loads 		78017
1.n_stores 		21955
1.n_hits 		94803
1.n_misses 		5169
1.hit_rate 		94.83
1.miss_rate 		5.17
1.n_upgrade_miss 	102
1.n_bus_snoops 	5841
1.n_snoop_hits 	1770
1.n_writebacks 	0
Memory Traffic:
1.B_written_bus_to_cache 	5188608
1.B_written_cache_to_bus_wb 	0
1.B_written_cache_to_bus_wt 	87820
1.B_total_traffic_wb 	5188608
1.B_total_traffic_wt 	5276428
