P5 Printout for CS 3410
----------------------------------
Trace  		trace.2t.long.txt
Instruction Limit 	none
 *** Cache Configuration *** 
capacity   		65536 B
block_size 		   32 B
associativity 		4-way
n_set 			512
n_cache_line 	2048
tag: 18, index: 9, offset: 5
Coherence Protocol: 	msi
lru_on_invalidate_f: 	false
Processing trace...
2 2
Processed 200429 lines.
    *** Results for Core 0 ***
0.n_cpu_accesses 	100457
0.n_loads 		78301
0.n_stores 		22156
0.n_hits 		92893
0.n_misses 		7564
0.hit_rate 		92.47
0.miss_rate 		7.53
0.n_upgrade_miss 	882
0.n_bus_snoops 	7306
0.n_snoop_hits 	131
0.n_writebacks 	0
Memory Traffic:
0.B_written_bus_to_cache 	213824
0.B_written_cache_to_bus_wb 	0
0.B_written_cache_to_bus_wt 	88624
0.B_total_traffic_wb 	213824
0.B_total_traffic_wt 	302448
    *** Results for Core 1 ***
1.n_cpu_accesses 	99972
1.n_loads 		78017
1.n_stores 		21955
1.n_hits 		92666
1.n_misses 		7306
1.hit_rate 		92.69
1.miss_rate 		7.31
1.n_upgrade_miss 	893
1.n_bus_snoops 	7564
1.n_snoop_hits 	976
1.n_writebacks 	0
Memory Traffic:
1.B_written_bus_to_cache 	205216
1.B_written_cache_to_bus_wb 	0
1.B_written_cache_to_bus_wt 	87820
1.B_total_traffic_wb 	205216
1.B_total_traffic_wt 	293036
