P5 Printout for CS 3410
----------------------------------
Trace  		trace.2t.long.txt
Instruction Limit 	none
 *** Cache Configuration *** 
capacity   		65536 B
block_size 		  512 B
associativity 		4-way
n_set 			32
n_cache_line 	128
tag: 18, index: 5, offset: 9
Coherence Protocol: 	msi
lru_on_invalidate_f: 	false
Processing trace...
2 2
Processed 200429 lines.
    *** Results for Core 0 ***
0.n_cpu_accesses 	100457
0.n_loads 		78301
0.n_stores 		22156
0.n_hits 		95917
0.n_misses 		4540
0.hit_rate 		95.48
0.miss_rate 		4.52
0.n_upgrade_miss 	121
0.n_bus_snoops 	4289
0.n_snoop_hits 	888
0.n_writebacks 	0
Memory Traffic:
0.B_written_bus_to_cache 	2262528
0.B_written_cache_to_bus_wb 	0
0.B_written_cache_to_bus_wt 	88624
0.B_total_traffic_wb 	2262528
0.B_total_traffic_wt 	2351152
    *** Results for Core 1 ***
1.n_cpu_accesses 	99972
1.n_loads 		78017
1.n_stores 		21955
1.n_hits 		95683
1.n_misses 		4289
1.hit_rate 		95.71
1.miss_rate 		4.29
1.n_upgrade_miss 	125
1.n_bus_snoops 	4540
1.n_snoop_hits 	975
1.n_writebacks 	0
Memory Traffic:
1.B_written_bus_to_cache 	2131968
1.B_written_cache_to_bus_wb 	0
1.B_written_cache_to_bus_wt 	87820
1.B_total_traffic_wb 	2131968
1.B_total_traffic_wt 	2219788
